[INFO] Scanning for projects...
[INFO] 
[INFO] -------------------------< seu:virtual-campus >-------------------------
[INFO] Building virtual-campus 0.0.1-SNAPSHOT
[INFO]   from pom.xml
[INFO] --------------------------------[ jar ]---------------------------------
[INFO] 
[INFO] >>> spring-boot:3.3.3:run (default-cli) > test-compile @ virtual-campus >>>
[WARNING] 6 problems were encountered while building the effective model for org.openjfx:javafx-controls:jar:20 during dependency collection step for project (use -X to see details)
[INFO] 
[INFO] --- resources:3.3.1:resources (default-resources) @ virtual-campus ---
[INFO] Copying 1 resource from src/main/resources to target/classes
[INFO] Copying 17 resources from src/main/resources to target/classes
[INFO] 
[INFO] --- compiler:3.13.0:compile (default-compile) @ virtual-campus ---
[INFO] Recompiling the module because of changed source code.
[INFO] Compiling 51 source files with javac [debug parameters release 17] to target/classes
[INFO] 
[INFO] --- resources:3.3.1:testResources (default-testResources) @ virtual-campus ---
[INFO] Copying 1 resource from src/test/resources to target/test-classes
[INFO] 
[INFO] --- compiler:3.13.0:testCompile (default-testCompile) @ virtual-campus ---
[INFO] Recompiling the module because of changed dependency.
[INFO] Compiling 2 source files with javac [debug parameters release 17] to target/test-classes
[INFO] 
[INFO] <<< spring-boot:3.3.3:run (default-cli) < test-compile @ virtual-campus <<<
[INFO] 
[INFO] 
[INFO] --- spring-boot:3.3.3:run (default-cli) @ virtual-campus ---
[INFO] Attaching agents: []

  .   ____          _            __ _ _
 /\\ / ___'_ __ _ _(_)_ __  __ _ \ \ \ \
( ( )\___ | '_ | '_| | '_ \/ _` | \ \ \ \
 \\/  ___)| |_)| | | | | || (_| |  ) ) ) )
  '  |____| .__|_| |_|_| |_\__, | / / / /
 =========|_|==============|___/=/_/_/_/

 :: Spring Boot ::                (v3.3.3)

2025-09-08T23:16:15.607+08:00  INFO 15235 --- [virtual-campus] [  restartedMain] s.v.VirtualCampusApplication             : Starting VirtualCampusApplication using Java 17.0.12 with PID 15235 (/Users/yichi-zhang/virtual-campus/virtual-campus/target/classes started by yichi-zhang in /Users/yichi-zhang/virtual-campus/virtual-campus)
2025-09-08T23:16:15.608+08:00  INFO 15235 --- [virtual-campus] [  restartedMain] s.v.VirtualCampusApplication             : No active profile set, falling back to 1 default profile: "default"
2025-09-08T23:16:15.624+08:00  INFO 15235 --- [virtual-campus] [  restartedMain] .e.DevToolsPropertyDefaultsPostProcessor : Devtools property defaults active! Set 'spring.devtools.add-properties' to 'false' to disable
2025-09-08T23:16:15.624+08:00  INFO 15235 --- [virtual-campus] [  restartedMain] .e.DevToolsPropertyDefaultsPostProcessor : For additional web related logging consider setting the 'logging.level.web' property to 'DEBUG'
2025-09-08T23:16:15.907+08:00  INFO 15235 --- [virtual-campus] [  restartedMain] o.s.b.w.embedded.tomcat.TomcatWebServer  : Tomcat initialized with port 8080 (http)
2025-09-08T23:16:15.911+08:00  INFO 15235 --- [virtual-campus] [  restartedMain] o.apache.catalina.core.StandardService   : Starting service [Tomcat]
2025-09-08T23:16:15.911+08:00  INFO 15235 --- [virtual-campus] [  restartedMain] o.apache.catalina.core.StandardEngine    : Starting Servlet engine: [Apache Tomcat/10.1.28]
2025-09-08T23:16:15.923+08:00  INFO 15235 --- [virtual-campus] [  restartedMain] o.a.c.c.C.[Tomcat].[localhost].[/]       : Initializing Spring embedded WebApplicationContext
2025-09-08T23:16:15.923+08:00  INFO 15235 --- [virtual-campus] [  restartedMain] w.s.c.ServletWebServerApplicationContext : Root WebApplicationContext: initialization completed in 299 ms
2025-09-08T23:16:15.949+08:00  INFO 15235 --- [virtual-campus] [  restartedMain] com.zaxxer.hikari.HikariDataSource       : HikariPool-1 - Starting...
2025-09-08T23:16:16.480+08:00  INFO 15235 --- [virtual-campus] [  restartedMain] com.zaxxer.hikari.pool.HikariPool        : HikariPool-1 - Added connection org.sqlite.jdbc4.JDBC4Connection@5d001cb
2025-09-08T23:16:16.482+08:00  INFO 15235 --- [virtual-campus] [  restartedMain] com.zaxxer.hikari.HikariDataSource       : HikariPool-1 - Start completed.
2025-09-08T23:16:16.695+08:00  INFO 15235 --- [virtual-campus] [  restartedMain] o.s.b.d.a.OptionalLiveReloadServer       : LiveReload server is running on port 35729
2025-09-08T23:16:16.703+08:00  INFO 15235 --- [virtual-campus] [  restartedMain] o.s.b.w.embedded.tomcat.TomcatWebServer  : Tomcat started on port 8080 (http) with context path '/'
2025-09-08T23:16:16.706+08:00  INFO 15235 --- [virtual-campus] [  restartedMain] s.v.VirtualCampusApplication             : Started VirtualCampusApplication in 1.193 seconds (process running for 1.298)
2025-09-08T23:16:34.858+08:00  INFO 15235 --- [virtual-campus] [nio-8080-exec-1] o.a.c.c.C.[Tomcat].[localhost].[/]       : Initializing Spring DispatcherServlet 'dispatcherServlet'
2025-09-08T23:16:34.858+08:00  INFO 15235 --- [virtual-campus] [nio-8080-exec-1] o.s.web.servlet.DispatcherServlet        : Initializing Servlet 'dispatcherServlet'
2025-09-08T23:16:34.858+08:00  INFO 15235 --- [virtual-campus] [nio-8080-exec-1] o.s.web.servlet.DispatcherServlet        : Completed initialization in 0 ms
2025-09-08T23:19:24.176+08:00  INFO 15235 --- [virtual-campus] [   File Watcher] rtingClassPathChangeChangedEventListener : Restarting due to 1 class path change (0 additions, 0 deletions, 1 modification)
2025-09-08T23:19:25.790+08:00  WARN 15235 --- [virtual-campus] [       Thread-5] org.apache.tomcat.util.net.Acceptor      : The acceptor thread [http-nio-8080-Acceptor] did not stop cleanly
2025-09-08T23:19:25.793+08:00  INFO 15235 --- [virtual-campus] [       Thread-5] com.zaxxer.hikari.HikariDataSource       : HikariPool-1 - Shutdown initiated...
2025-09-08T23:19:25.793+08:00  INFO 15235 --- [virtual-campus] [       Thread-5] com.zaxxer.hikari.HikariDataSource       : HikariPool-1 - Shutdown completed.

  .   ____          _            __ _ _
 /\\ / ___'_ __ _ _(_)_ __  __ _ \ \ \ \
( ( )\___ | '_ | '_| | '_ \/ _` | \ \ \ \
 \\/  ___)| |_)| | | | | || (_| |  ) ) ) )
  '  |____| .__|_| |_|_| |_\__, | / / / /
 =========|_|==============|___/=/_/_/_/

 :: Spring Boot ::                (v3.3.3)

2025-09-08T23:19:25.818+08:00  INFO 15235 --- [virtual-campus] [  restartedMain] s.v.VirtualCampusApplication             : Starting VirtualCampusApplication using Java 17.0.12 with PID 15235 (/Users/yichi-zhang/virtual-campus/virtual-campus/target/classes started by yichi-zhang in /Users/yichi-zhang/virtual-campus/virtual-campus)
2025-09-08T23:19:25.818+08:00  INFO 15235 --- [virtual-campus] [  restartedMain] s.v.VirtualCampusApplication             : No active profile set, falling back to 1 default profile: "default"
2025-09-08T23:19:25.879+08:00  INFO 15235 --- [virtual-campus] [  restartedMain] o.s.b.w.embedded.tomcat.TomcatWebServer  : Tomcat initialized with port 8080 (http)
2025-09-08T23:19:25.880+08:00  INFO 15235 --- [virtual-campus] [  restartedMain] o.apache.catalina.core.StandardService   : Starting service [Tomcat]
2025-09-08T23:19:25.880+08:00  INFO 15235 --- [virtual-campus] [  restartedMain] o.apache.catalina.core.StandardEngine    : Starting Servlet engine: [Apache Tomcat/10.1.28]
2025-09-08T23:19:25.882+08:00  INFO 15235 --- [virtual-campus] [  restartedMain] o.a.c.c.C.[Tomcat].[localhost].[/]       : Initializing Spring embedded WebApplicationContext
2025-09-08T23:19:25.882+08:00  INFO 15235 --- [virtual-campus] [  restartedMain] w.s.c.ServletWebServerApplicationContext : Root WebApplicationContext: initialization completed in 64 ms
2025-09-08T23:19:25.889+08:00  INFO 15235 --- [virtual-campus] [  restartedMain] com.zaxxer.hikari.HikariDataSource       : HikariPool-2 - Starting...
2025-09-08T23:19:25.890+08:00  INFO 15235 --- [virtual-campus] [  restartedMain] com.zaxxer.hikari.pool.HikariPool        : HikariPool-2 - Added connection org.sqlite.jdbc4.JDBC4Connection@39353f74
2025-09-08T23:19:25.890+08:00  INFO 15235 --- [virtual-campus] [  restartedMain] com.zaxxer.hikari.HikariDataSource       : HikariPool-2 - Start completed.
2025-09-08T23:19:25.951+08:00  INFO 15235 --- [virtual-campus] [  restartedMain] o.s.b.d.a.OptionalLiveReloadServer       : LiveReload server is running on port 35729
2025-09-08T23:19:25.953+08:00  INFO 15235 --- [virtual-campus] [  restartedMain] o.s.b.w.embedded.tomcat.TomcatWebServer  : Tomcat started on port 8080 (http) with context path '/'
2025-09-08T23:19:25.955+08:00  INFO 15235 --- [virtual-campus] [  restartedMain] s.v.VirtualCampusApplication             : Started VirtualCampusApplication in 0.143 seconds (process running for 190.549)
2025-09-08T23:19:25.957+08:00  INFO 15235 --- [virtual-campus] [  restartedMain] .ConditionEvaluationDeltaLoggingListener : Condition evaluation unchanged
2025-09-08T23:20:01.860+08:00  INFO 15235 --- [virtual-campus] [nio-8080-exec-1] o.a.c.c.C.[Tomcat].[localhost].[/]       : Initializing Spring DispatcherServlet 'dispatcherServlet'
2025-09-08T23:20:01.860+08:00  INFO 15235 --- [virtual-campus] [nio-8080-exec-1] o.s.web.servlet.DispatcherServlet        : Initializing Servlet 'dispatcherServlet'
2025-09-08T23:20:01.861+08:00  INFO 15235 --- [virtual-campus] [nio-8080-exec-1] o.s.web.servlet.DispatcherServlet        : Completed initialization in 1 ms
2025-09-08T23:20:31.319+08:00 ERROR 15235 --- [virtual-campus] [nio-8080-exec-4] o.a.c.c.C.[.[.[/].[dispatcherServlet]    : Servlet.service() for servlet [dispatcherServlet] in context with path [] threw exception [Request processing failed: org.springframework.jdbc.UncategorizedSQLException: 
### Error updating database.  Cause: org.sqlite.SQLiteException: [SQLITE_CONSTRAINT_PRIMARYKEY] A PRIMARY KEY constraint failed (UNIQUE constraint failed: orders.orderId)
### The error may exist in seu/virtualcampus/mapper/OrderMapper.java (best guess)
### The error may involve seu.virtualcampus.mapper.OrderMapper.insert-Inline
### The error occurred while setting parameters
### SQL: INSERT INTO orders(orderId, userId, totalAmount, status, orderDate, paymentMethod, paymentStatus, createdAt, updatedAt) VALUES(?, ?, ?, ?, ?, ?, ?, ?, ?)
### Cause: org.sqlite.SQLiteException: [SQLITE_CONSTRAINT_PRIMARYKEY] A PRIMARY KEY constraint failed (UNIQUE constraint failed: orders.orderId)
; uncategorized SQLException; SQL state [null]; error code [19]; [SQLITE_CONSTRAINT_PRIMARYKEY] A PRIMARY KEY constraint failed (UNIQUE constraint failed: orders.orderId)] with root cause

org.sqlite.SQLiteException: [SQLITE_CONSTRAINT_PRIMARYKEY] A PRIMARY KEY constraint failed (UNIQUE constraint failed: orders.orderId)
	at org.sqlite.core.DB.newSQLException(DB.java:1179) ~[sqlite-jdbc-3.42.0.0.jar:na]
	at org.sqlite.core.DB.newSQLException(DB.java:1190) ~[sqlite-jdbc-3.42.0.0.jar:na]
	at org.sqlite.core.DB.execute(DB.java:985) ~[sqlite-jdbc-3.42.0.0.jar:na]
	at org.sqlite.jdbc3.JDBC3PreparedStatement.lambda$execute$0(JDBC3PreparedStatement.java:57) ~[sqlite-jdbc-3.42.0.0.jar:na]
	at org.sqlite.jdbc3.JDBC3Statement.withConnectionTimeout(JDBC3Statement.java:454) ~[sqlite-jdbc-3.42.0.0.jar:na]
	at org.sqlite.jdbc3.JDBC3PreparedStatement.execute(JDBC3PreparedStatement.java:52) ~[sqlite-jdbc-3.42.0.0.jar:na]
	at com.zaxxer.hikari.pool.ProxyPreparedStatement.execute(ProxyPreparedStatement.java:44) ~[HikariCP-5.1.0.jar:na]
	at com.zaxxer.hikari.pool.HikariProxyPreparedStatement.execute(HikariProxyPreparedStatement.java) ~[HikariCP-5.1.0.jar:na]
	at org.apache.ibatis.executor.statement.PreparedStatementHandler.update(PreparedStatementHandler.java:48) ~[mybatis-3.5.19.jar:3.5.19]
	at org.apache.ibatis.executor.statement.RoutingStatementHandler.update(RoutingStatementHandler.java:75) ~[mybatis-3.5.19.jar:3.5.19]
	at org.apache.ibatis.executor.SimpleExecutor.doUpdate(SimpleExecutor.java:50) ~[mybatis-3.5.19.jar:3.5.19]
	at org.apache.ibatis.executor.BaseExecutor.update(BaseExecutor.java:117) ~[mybatis-3.5.19.jar:3.5.19]
	at org.apache.ibatis.executor.CachingExecutor.update(CachingExecutor.java:76) ~[mybatis-3.5.19.jar:3.5.19]
	at org.apache.ibatis.session.defaults.DefaultSqlSession.update(DefaultSqlSession.java:197) ~[mybatis-3.5.19.jar:3.5.19]
	at org.apache.ibatis.session.defaults.DefaultSqlSession.insert(DefaultSqlSession.java:184) ~[mybatis-3.5.19.jar:3.5.19]
	at java.base/jdk.internal.reflect.NativeMethodAccessorImpl.invoke0(Native Method) ~[na:na]
	at java.base/jdk.internal.reflect.NativeMethodAccessorImpl.invoke(NativeMethodAccessorImpl.java:77) ~[na:na]
	at java.base/jdk.internal.reflect.DelegatingMethodAccessorImpl.invoke(DelegatingMethodAccessorImpl.java:43) ~[na:na]
	at java.base/java.lang.reflect.Method.invoke(Method.java:568) ~[na:na]
	at org.mybatis.spring.SqlSessionTemplate$SqlSessionInterceptor.invoke(SqlSessionTemplate.java:333) ~[mybatis-spring-3.0.5.jar:3.0.5]
	at jdk.proxy2/jdk.proxy2.$Proxy72.insert(Unknown Source) ~[na:na]
	at org.mybatis.spring.SqlSessionTemplate.insert(SqlSessionTemplate.java:224) ~[mybatis-spring-3.0.5.jar:3.0.5]
	at org.apache.ibatis.binding.MapperMethod.execute(MapperMethod.java:62) ~[mybatis-3.5.19.jar:3.5.19]
	at org.apache.ibatis.binding.MapperProxy$PlainMethodInvoker.invoke(MapperProxy.java:141) ~[mybatis-3.5.19.jar:3.5.19]
	at org.apache.ibatis.binding.MapperProxy.invoke(MapperProxy.java:86) ~[mybatis-3.5.19.jar:3.5.19]
	at jdk.proxy5/jdk.proxy5.$Proxy109.insert(Unknown Source) ~[na:na]
	at seu.virtualcampus.service.OrderService.createOrder(OrderService.java:451) ~[classes/:na]
	at java.base/jdk.internal.reflect.NativeMethodAccessorImpl.invoke0(Native Method) ~[na:na]
	at java.base/jdk.internal.reflect.NativeMethodAccessorImpl.invoke(NativeMethodAccessorImpl.java:77) ~[na:na]
	at java.base/jdk.internal.reflect.DelegatingMethodAccessorImpl.invoke(DelegatingMethodAccessorImpl.java:43) ~[na:na]
	at java.base/java.lang.reflect.Method.invoke(Method.java:568) ~[na:na]
	at org.springframework.aop.support.AopUtils.invokeJoinpointUsingReflection(AopUtils.java:355) ~[spring-aop-6.1.12.jar:6.1.12]
	at org.springframework.aop.framework.CglibAopProxy$DynamicAdvisedInterceptor.intercept(CglibAopProxy.java:716) ~[spring-aop-6.1.12.jar:6.1.12]
	at seu.virtualcampus.service.OrderService$$SpringCGLIB$$0.createOrder(<generated>) ~[classes/:na]
	at seu.virtualcampus.controller.OrderController.createOrder(OrderController.java:20) ~[classes/:na]
	at java.base/jdk.internal.reflect.NativeMethodAccessorImpl.invoke0(Native Method) ~[na:na]
	at java.base/jdk.internal.reflect.NativeMethodAccessorImpl.invoke(NativeMethodAccessorImpl.java:77) ~[na:na]
	at java.base/jdk.internal.reflect.DelegatingMethodAccessorImpl.invoke(DelegatingMethodAccessorImpl.java:43) ~[na:na]
	at java.base/java.lang.reflect.Method.invoke(Method.java:568) ~[na:na]
	at org.springframework.web.method.support.InvocableHandlerMethod.doInvoke(InvocableHandlerMethod.java:255) ~[spring-web-6.1.12.jar:6.1.12]
	at org.springframework.web.method.support.InvocableHandlerMethod.invokeForRequest(InvocableHandlerMethod.java:188) ~[spring-web-6.1.12.jar:6.1.12]
	at org.springframework.web.servlet.mvc.method.annotation.ServletInvocableHandlerMethod.invokeAndHandle(ServletInvocableHandlerMethod.java:118) ~[spring-webmvc-6.1.12.jar:6.1.12]
	at org.springframework.web.servlet.mvc.method.annotation.RequestMappingHandlerAdapter.invokeHandlerMethod(RequestMappingHandlerAdapter.java:926) ~[spring-webmvc-6.1.12.jar:6.1.12]
	at org.springframework.web.servlet.mvc.method.annotation.RequestMappingHandlerAdapter.handleInternal(RequestMappingHandlerAdapter.java:831) ~[spring-webmvc-6.1.12.jar:6.1.12]
	at org.springframework.web.servlet.mvc.method.AbstractHandlerMethodAdapter.handle(AbstractHandlerMethodAdapter.java:87) ~[spring-webmvc-6.1.12.jar:6.1.12]
	at org.springframework.web.servlet.DispatcherServlet.doDispatch(DispatcherServlet.java:1089) ~[spring-webmvc-6.1.12.jar:6.1.12]
	at org.springframework.web.servlet.DispatcherServlet.doService(DispatcherServlet.java:979) ~[spring-webmvc-6.1.12.jar:6.1.12]
	at org.springframework.web.servlet.FrameworkServlet.processRequest(FrameworkServlet.java:1014) ~[spring-webmvc-6.1.12.jar:6.1.12]
	at org.springframework.web.servlet.FrameworkServlet.doPost(FrameworkServlet.java:914) ~[spring-webmvc-6.1.12.jar:6.1.12]
	at jakarta.servlet.http.HttpServlet.service(HttpServlet.java:590) ~[tomcat-embed-core-10.1.28.jar:6.0]
	at org.springframework.web.servlet.FrameworkServlet.service(FrameworkServlet.java:885) ~[spring-webmvc-6.1.12.jar:6.1.12]
	at jakarta.servlet.http.HttpServlet.service(HttpServlet.java:658) ~[tomcat-embed-core-10.1.28.jar:6.0]
	at org.apache.catalina.core.ApplicationFilterChain.internalDoFilter(ApplicationFilterChain.java:195) ~[tomcat-embed-core-10.1.28.jar:10.1.28]
	at org.apache.catalina.core.ApplicationFilterChain.doFilter(ApplicationFilterChain.java:140) ~[tomcat-embed-core-10.1.28.jar:10.1.28]
	at org.apache.tomcat.websocket.server.WsFilter.doFilter(WsFilter.java:51) ~[tomcat-embed-websocket-10.1.28.jar:10.1.28]
	at org.apache.catalina.core.ApplicationFilterChain.internalDoFilter(ApplicationFilterChain.java:164) ~[tomcat-embed-core-10.1.28.jar:10.1.28]
	at org.apache.catalina.core.ApplicationFilterChain.doFilter(ApplicationFilterChain.java:140) ~[tomcat-embed-core-10.1.28.jar:10.1.28]
	at org.springframework.web.filter.RequestContextFilter.doFilterInternal(RequestContextFilter.java:100) ~[spring-web-6.1.12.jar:6.1.12]
	at org.springframework.web.filter.OncePerRequestFilter.doFilter(OncePerRequestFilter.java:116) ~[spring-web-6.1.12.jar:6.1.12]
	at org.apache.catalina.core.ApplicationFilterChain.internalDoFilter(ApplicationFilterChain.java:164) ~[tomcat-embed-core-10.1.28.jar:10.1.28]
	at org.apache.catalina.core.ApplicationFilterChain.doFilter(ApplicationFilterChain.java:140) ~[tomcat-embed-core-10.1.28.jar:10.1.28]
	at org.springframework.web.filter.FormContentFilter.doFilterInternal(FormContentFilter.java:93) ~[spring-web-6.1.12.jar:6.1.12]
	at org.springframework.web.filter.OncePerRequestFilter.doFilter(OncePerRequestFilter.java:116) ~[spring-web-6.1.12.jar:6.1.12]
	at org.apache.catalina.core.ApplicationFilterChain.internalDoFilter(ApplicationFilterChain.java:164) ~[tomcat-embed-core-10.1.28.jar:10.1.28]
	at org.apache.catalina.core.ApplicationFilterChain.doFilter(ApplicationFilterChain.java:140) ~[tomcat-embed-core-10.1.28.jar:10.1.28]
	at org.springframework.web.filter.CharacterEncodingFilter.doFilterInternal(CharacterEncodingFilter.java:201) ~[spring-web-6.1.12.jar:6.1.12]
	at org.springframework.web.filter.OncePerRequestFilter.doFilter(OncePerRequestFilter.java:116) ~[spring-web-6.1.12.jar:6.1.12]
	at org.apache.catalina.core.ApplicationFilterChain.internalDoFilter(ApplicationFilterChain.java:164) ~[tomcat-embed-core-10.1.28.jar:10.1.28]
	at org.apache.catalina.core.ApplicationFilterChain.doFilter(ApplicationFilterChain.java:140) ~[tomcat-embed-core-10.1.28.jar:10.1.28]
	at org.apache.catalina.core.StandardWrapperValve.invoke(StandardWrapperValve.java:167) ~[tomcat-embed-core-10.1.28.jar:10.1.28]
	at org.apache.catalina.core.StandardContextValve.invoke(StandardContextValve.java:90) ~[tomcat-embed-core-10.1.28.jar:10.1.28]
	at org.apache.catalina.authenticator.AuthenticatorBase.invoke(AuthenticatorBase.java:483) ~[tomcat-embed-core-10.1.28.jar:10.1.28]
	at org.apache.catalina.core.StandardHostValve.invoke(StandardHostValve.java:115) ~[tomcat-embed-core-10.1.28.jar:10.1.28]
	at org.apache.catalina.valves.ErrorReportValve.invoke(ErrorReportValve.java:93) ~[tomcat-embed-core-10.1.28.jar:10.1.28]
	at org.apache.catalina.core.StandardEngineValve.invoke(StandardEngineValve.java:74) ~[tomcat-embed-core-10.1.28.jar:10.1.28]
	at org.apache.catalina.connector.CoyoteAdapter.service(CoyoteAdapter.java:344) ~[tomcat-embed-core-10.1.28.jar:10.1.28]
	at org.apache.coyote.http11.Http11Processor.service(Http11Processor.java:384) ~[tomcat-embed-core-10.1.28.jar:10.1.28]
	at org.apache.coyote.AbstractProcessorLight.process(AbstractProcessorLight.java:63) ~[tomcat-embed-core-10.1.28.jar:10.1.28]
	at org.apache.coyote.AbstractProtocol$ConnectionHandler.process(AbstractProtocol.java:904) ~[tomcat-embed-core-10.1.28.jar:10.1.28]
	at org.apache.tomcat.util.net.NioEndpoint$SocketProcessor.doRun(NioEndpoint.java:1741) ~[tomcat-embed-core-10.1.28.jar:10.1.28]
	at org.apache.tomcat.util.net.SocketProcessorBase.run(SocketProcessorBase.java:52) ~[tomcat-embed-core-10.1.28.jar:10.1.28]
	at org.apache.tomcat.util.threads.ThreadPoolExecutor.runWorker(ThreadPoolExecutor.java:1190) ~[tomcat-embed-core-10.1.28.jar:10.1.28]
	at org.apache.tomcat.util.threads.ThreadPoolExecutor$Worker.run(ThreadPoolExecutor.java:659) ~[tomcat-embed-core-10.1.28.jar:10.1.28]
	at org.apache.tomcat.util.threads.TaskThread$WrappingRunnable.run(TaskThread.java:63) ~[tomcat-embed-core-10.1.28.jar:10.1.28]
	at java.base/java.lang.Thread.run(Thread.java:842) ~[na:na]

2025-09-08T23:21:09.961+08:00  WARN 15235 --- [virtual-campus] [nio-8080-exec-5] .w.s.m.s.DefaultHandlerExceptionResolver : Resolved [org.springframework.http.converter.HttpMessageNotReadableException: JSON parse error: Unexpected end-of-input in VALUE_STRING]
2025-09-08T23:21:54.330+08:00 ERROR 15235 --- [virtual-campus] [nio-8080-exec-7] o.a.c.c.C.[.[.[/].[dispatcherServlet]    : Servlet.service() for servlet [dispatcherServlet] in context with path [] threw exception [Request processing failed: org.mybatis.spring.MyBatisSystemException: 
### Error querying database.  Cause: org.apache.ibatis.executor.result.ResultMapException: Error attempting to get column 'createdAt' from result set.  Cause: java.lang.NullPointerException: Cannot invoke "java.sql.Timestamp.toLocalDateTime()" because the return value of "org.sqlite.jdbc4.JDBC4ResultSet.getTimestamp(int)" is null
### The error may exist in seu/virtualcampus/mapper/OrderMapper.java (best guess)
### The error may involve seu.virtualcampus.mapper.OrderMapper.selectByUserId
### The error occurred while handling results
### SQL: SELECT * FROM orders WHERE userId = ?
### Cause: org.apache.ibatis.executor.result.ResultMapException: Error attempting to get column 'createdAt' from result set.  Cause: java.lang.NullPointerException: Cannot invoke "java.sql.Timestamp.toLocalDateTime()" because the return value of "org.sqlite.jdbc4.JDBC4ResultSet.getTimestamp(int)" is null] with root cause

java.lang.NullPointerException: Cannot invoke "java.sql.Timestamp.toLocalDateTime()" because the return value of "org.sqlite.jdbc4.JDBC4ResultSet.getTimestamp(int)" is null
	at org.sqlite.jdbc4.JDBC4ResultSet.getObject(JDBC4ResultSet.java:344) ~[sqlite-jdbc-3.42.0.0.jar:na]
	at org.sqlite.jdbc4.JDBC4ResultSet.getObject(JDBC4ResultSet.java:373) ~[sqlite-jdbc-3.42.0.0.jar:na]
	at com.zaxxer.hikari.pool.HikariProxyResultSet.getObject(HikariProxyResultSet.java) ~[HikariCP-5.1.0.jar:na]
	at org.apache.ibatis.type.LocalDateTimeTypeHandler.getNullableResult(LocalDateTimeTypeHandler.java:39) ~[mybatis-3.5.19.jar:3.5.19]
	at org.apache.ibatis.type.LocalDateTimeTypeHandler.getNullableResult(LocalDateTimeTypeHandler.java:29) ~[mybatis-3.5.19.jar:3.5.19]
	at org.apache.ibatis.type.BaseTypeHandler.getResult(BaseTypeHandler.java:85) ~[mybatis-3.5.19.jar:3.5.19]
	at org.apache.ibatis.executor.resultset.DefaultResultSetHandler.applyAutomaticMappings(DefaultResultSetHandler.java:586) ~[mybatis-3.5.19.jar:3.5.19]
	at org.apache.ibatis.executor.resultset.DefaultResultSetHandler.getRowValue(DefaultResultSetHandler.java:416) ~[mybatis-3.5.19.jar:3.5.19]
	at org.apache.ibatis.executor.resultset.DefaultResultSetHandler.handleRowValuesForSimpleResultMap(DefaultResultSetHandler.java:366) ~[mybatis-3.5.19.jar:3.5.19]
	at org.apache.ibatis.executor.resultset.DefaultResultSetHandler.handleRowValues(DefaultResultSetHandler.java:337) ~[mybatis-3.5.19.jar:3.5.19]
	at org.apache.ibatis.executor.resultset.DefaultResultSetHandler.handleResultSet(DefaultResultSetHandler.java:310) ~[mybatis-3.5.19.jar:3.5.19]
	at org.apache.ibatis.executor.resultset.DefaultResultSetHandler.handleResultSets(DefaultResultSetHandler.java:202) ~[mybatis-3.5.19.jar:3.5.19]
	at org.apache.ibatis.executor.statement.PreparedStatementHandler.query(PreparedStatementHandler.java:66) ~[mybatis-3.5.19.jar:3.5.19]
	at org.apache.ibatis.executor.statement.RoutingStatementHandler.query(RoutingStatementHandler.java:80) ~[mybatis-3.5.19.jar:3.5.19]
	at org.apache.ibatis.executor.SimpleExecutor.doQuery(SimpleExecutor.java:65) ~[mybatis-3.5.19.jar:3.5.19]
	at org.apache.ibatis.executor.BaseExecutor.queryFromDatabase(BaseExecutor.java:336) ~[mybatis-3.5.19.jar:3.5.19]
	at org.apache.ibatis.executor.BaseExecutor.query(BaseExecutor.java:158) ~[mybatis-3.5.19.jar:3.5.19]
	at org.apache.ibatis.executor.CachingExecutor.query(CachingExecutor.java:110) ~[mybatis-3.5.19.jar:3.5.19]
	at org.apache.ibatis.executor.CachingExecutor.query(CachingExecutor.java:90) ~[mybatis-3.5.19.jar:3.5.19]
	at org.apache.ibatis.session.defaults.DefaultSqlSession.selectList(DefaultSqlSession.java:154) ~[mybatis-3.5.19.jar:3.5.19]
	at org.apache.ibatis.session.defaults.DefaultSqlSession.selectList(DefaultSqlSession.java:147) ~[mybatis-3.5.19.jar:3.5.19]
	at org.apache.ibatis.session.defaults.DefaultSqlSession.selectList(DefaultSqlSession.java:142) ~[mybatis-3.5.19.jar:3.5.19]
	at java.base/jdk.internal.reflect.NativeMethodAccessorImpl.invoke0(Native Method) ~[na:na]
	at java.base/jdk.internal.reflect.NativeMethodAccessorImpl.invoke(NativeMethodAccessorImpl.java:77) ~[na:na]
	at java.base/jdk.internal.reflect.DelegatingMethodAccessorImpl.invoke(DelegatingMethodAccessorImpl.java:43) ~[na:na]
	at java.base/java.lang.reflect.Method.invoke(Method.java:568) ~[na:na]
	at org.mybatis.spring.SqlSessionTemplate$SqlSessionInterceptor.invoke(SqlSessionTemplate.java:333) ~[mybatis-spring-3.0.5.jar:3.0.5]
	at jdk.proxy2/jdk.proxy2.$Proxy72.selectList(Unknown Source) ~[na:na]
	at org.mybatis.spring.SqlSessionTemplate.selectList(SqlSessionTemplate.java:194) ~[mybatis-spring-3.0.5.jar:3.0.5]
	at org.apache.ibatis.binding.MapperMethod.executeForMany(MapperMethod.java:147) ~[mybatis-3.5.19.jar:3.5.19]
	at org.apache.ibatis.binding.MapperMethod.execute(MapperMethod.java:80) ~[mybatis-3.5.19.jar:3.5.19]
	at org.apache.ibatis.binding.MapperProxy$PlainMethodInvoker.invoke(MapperProxy.java:141) ~[mybatis-3.5.19.jar:3.5.19]
	at org.apache.ibatis.binding.MapperProxy.invoke(MapperProxy.java:86) ~[mybatis-3.5.19.jar:3.5.19]
	at jdk.proxy5/jdk.proxy5.$Proxy109.selectByUserId(Unknown Source) ~[na:na]
	at seu.virtualcampus.service.OrderService.getOrdersByUserId(OrderService.java:474) ~[classes/:na]
	at java.base/jdk.internal.reflect.NativeMethodAccessorImpl.invoke0(Native Method) ~[na:na]
	at java.base/jdk.internal.reflect.NativeMethodAccessorImpl.invoke(NativeMethodAccessorImpl.java:77) ~[na:na]
	at java.base/jdk.internal.reflect.DelegatingMethodAccessorImpl.invoke(DelegatingMethodAccessorImpl.java:43) ~[na:na]
	at java.base/java.lang.reflect.Method.invoke(Method.java:568) ~[na:na]
	at org.springframework.aop.support.AopUtils.invokeJoinpointUsingReflection(AopUtils.java:355) ~[spring-aop-6.1.12.jar:6.1.12]
	at org.springframework.aop.framework.CglibAopProxy$DynamicAdvisedInterceptor.intercept(CglibAopProxy.java:716) ~[spring-aop-6.1.12.jar:6.1.12]
	at seu.virtualcampus.service.OrderService$$SpringCGLIB$$0.getOrdersByUserId(<generated>) ~[classes/:na]
	at seu.virtualcampus.controller.OrderController.getOrdersByUserId(OrderController.java:60) ~[classes/:na]
	at java.base/jdk.internal.reflect.NativeMethodAccessorImpl.invoke0(Native Method) ~[na:na]
	at java.base/jdk.internal.reflect.NativeMethodAccessorImpl.invoke(NativeMethodAccessorImpl.java:77) ~[na:na]
	at java.base/jdk.internal.reflect.DelegatingMethodAccessorImpl.invoke(DelegatingMethodAccessorImpl.java:43) ~[na:na]
	at java.base/java.lang.reflect.Method.invoke(Method.java:568) ~[na:na]
	at org.springframework.web.method.support.InvocableHandlerMethod.doInvoke(InvocableHandlerMethod.java:255) ~[spring-web-6.1.12.jar:6.1.12]
	at org.springframework.web.method.support.InvocableHandlerMethod.invokeForRequest(InvocableHandlerMethod.java:188) ~[spring-web-6.1.12.jar:6.1.12]
	at org.springframework.web.servlet.mvc.method.annotation.ServletInvocableHandlerMethod.invokeAndHandle(ServletInvocableHandlerMethod.java:118) ~[spring-webmvc-6.1.12.jar:6.1.12]
	at org.springframework.web.servlet.mvc.method.annotation.RequestMappingHandlerAdapter.invokeHandlerMethod(RequestMappingHandlerAdapter.java:926) ~[spring-webmvc-6.1.12.jar:6.1.12]
	at org.springframework.web.servlet.mvc.method.annotation.RequestMappingHandlerAdapter.handleInternal(RequestMappingHandlerAdapter.java:831) ~[spring-webmvc-6.1.12.jar:6.1.12]
	at org.springframework.web.servlet.mvc.method.AbstractHandlerMethodAdapter.handle(AbstractHandlerMethodAdapter.java:87) ~[spring-webmvc-6.1.12.jar:6.1.12]
	at org.springframework.web.servlet.DispatcherServlet.doDispatch(DispatcherServlet.java:1089) ~[spring-webmvc-6.1.12.jar:6.1.12]
	at org.springframework.web.servlet.DispatcherServlet.doService(DispatcherServlet.java:979) ~[spring-webmvc-6.1.12.jar:6.1.12]
	at org.springframework.web.servlet.FrameworkServlet.processRequest(FrameworkServlet.java:1014) ~[spring-webmvc-6.1.12.jar:6.1.12]
	at org.springframework.web.servlet.FrameworkServlet.doGet(FrameworkServlet.java:903) ~[spring-webmvc-6.1.12.jar:6.1.12]
	at jakarta.servlet.http.HttpServlet.service(HttpServlet.java:564) ~[tomcat-embed-core-10.1.28.jar:6.0]
	at org.springframework.web.servlet.FrameworkServlet.service(FrameworkServlet.java:885) ~[spring-webmvc-6.1.12.jar:6.1.12]
	at jakarta.servlet.http.HttpServlet.service(HttpServlet.java:658) ~[tomcat-embed-core-10.1.28.jar:6.0]
	at org.apache.catalina.core.ApplicationFilterChain.internalDoFilter(ApplicationFilterChain.java:195) ~[tomcat-embed-core-10.1.28.jar:10.1.28]
	at org.apache.catalina.core.ApplicationFilterChain.doFilter(ApplicationFilterChain.java:140) ~[tomcat-embed-core-10.1.28.jar:10.1.28]
	at org.apache.tomcat.websocket.server.WsFilter.doFilter(WsFilter.java:51) ~[tomcat-embed-websocket-10.1.28.jar:10.1.28]
	at org.apache.catalina.core.ApplicationFilterChain.internalDoFilter(ApplicationFilterChain.java:164) ~[tomcat-embed-core-10.1.28.jar:10.1.28]
	at org.apache.catalina.core.ApplicationFilterChain.doFilter(ApplicationFilterChain.java:140) ~[tomcat-embed-core-10.1.28.jar:10.1.28]
	at org.springframework.web.filter.RequestContextFilter.doFilterInternal(RequestContextFilter.java:100) ~[spring-web-6.1.12.jar:6.1.12]
	at org.springframework.web.filter.OncePerRequestFilter.doFilter(OncePerRequestFilter.java:116) ~[spring-web-6.1.12.jar:6.1.12]
	at org.apache.catalina.core.ApplicationFilterChain.internalDoFilter(ApplicationFilterChain.java:164) ~[tomcat-embed-core-10.1.28.jar:10.1.28]
	at org.apache.catalina.core.ApplicationFilterChain.doFilter(ApplicationFilterChain.java:140) ~[tomcat-embed-core-10.1.28.jar:10.1.28]
	at org.springframework.web.filter.FormContentFilter.doFilterInternal(FormContentFilter.java:93) ~[spring-web-6.1.12.jar:6.1.12]
	at org.springframework.web.filter.OncePerRequestFilter.doFilter(OncePerRequestFilter.java:116) ~[spring-web-6.1.12.jar:6.1.12]
	at org.apache.catalina.core.ApplicationFilterChain.internalDoFilter(ApplicationFilterChain.java:164) ~[tomcat-embed-core-10.1.28.jar:10.1.28]
	at org.apache.catalina.core.ApplicationFilterChain.doFilter(ApplicationFilterChain.java:140) ~[tomcat-embed-core-10.1.28.jar:10.1.28]
	at org.springframework.web.filter.CharacterEncodingFilter.doFilterInternal(CharacterEncodingFilter.java:201) ~[spring-web-6.1.12.jar:6.1.12]
	at org.springframework.web.filter.OncePerRequestFilter.doFilter(OncePerRequestFilter.java:116) ~[spring-web-6.1.12.jar:6.1.12]
	at org.apache.catalina.core.ApplicationFilterChain.internalDoFilter(ApplicationFilterChain.java:164) ~[tomcat-embed-core-10.1.28.jar:10.1.28]
	at org.apache.catalina.core.ApplicationFilterChain.doFilter(ApplicationFilterChain.java:140) ~[tomcat-embed-core-10.1.28.jar:10.1.28]
	at org.apache.catalina.core.StandardWrapperValve.invoke(StandardWrapperValve.java:167) ~[tomcat-embed-core-10.1.28.jar:10.1.28]
	at org.apache.catalina.core.StandardContextValve.invoke(StandardContextValve.java:90) ~[tomcat-embed-core-10.1.28.jar:10.1.28]
	at org.apache.catalina.authenticator.AuthenticatorBase.invoke(AuthenticatorBase.java:483) ~[tomcat-embed-core-10.1.28.jar:10.1.28]
	at org.apache.catalina.core.StandardHostValve.invoke(StandardHostValve.java:115) ~[tomcat-embed-core-10.1.28.jar:10.1.28]
	at org.apache.catalina.valves.ErrorReportValve.invoke(ErrorReportValve.java:93) ~[tomcat-embed-core-10.1.28.jar:10.1.28]
	at org.apache.catalina.core.StandardEngineValve.invoke(StandardEngineValve.java:74) ~[tomcat-embed-core-10.1.28.jar:10.1.28]
	at org.apache.catalina.connector.CoyoteAdapter.service(CoyoteAdapter.java:344) ~[tomcat-embed-core-10.1.28.jar:10.1.28]
	at org.apache.coyote.http11.Http11Processor.service(Http11Processor.java:384) ~[tomcat-embed-core-10.1.28.jar:10.1.28]
	at org.apache.coyote.AbstractProcessorLight.process(AbstractProcessorLight.java:63) ~[tomcat-embed-core-10.1.28.jar:10.1.28]
	at org.apache.coyote.AbstractProtocol$ConnectionHandler.process(AbstractProtocol.java:904) ~[tomcat-embed-core-10.1.28.jar:10.1.28]
	at org.apache.tomcat.util.net.NioEndpoint$SocketProcessor.doRun(NioEndpoint.java:1741) ~[tomcat-embed-core-10.1.28.jar:10.1.28]
	at org.apache.tomcat.util.net.SocketProcessorBase.run(SocketProcessorBase.java:52) ~[tomcat-embed-core-10.1.28.jar:10.1.28]
	at org.apache.tomcat.util.threads.ThreadPoolExecutor.runWorker(ThreadPoolExecutor.java:1190) ~[tomcat-embed-core-10.1.28.jar:10.1.28]
	at org.apache.tomcat.util.threads.ThreadPoolExecutor$Worker.run(ThreadPoolExecutor.java:659) ~[tomcat-embed-core-10.1.28.jar:10.1.28]
	at org.apache.tomcat.util.threads.TaskThread$WrappingRunnable.run(TaskThread.java:63) ~[tomcat-embed-core-10.1.28.jar:10.1.28]
	at java.base/java.lang.Thread.run(Thread.java:842) ~[na:na]

2025-09-08T23:40:39.255+08:00  WARN 15235 --- [virtual-campus] [l-2 housekeeper] com.zaxxer.hikari.pool.HikariPool        : HikariPool-2 - Thread starvation or clock leap detected (housekeeper delta=17m43s232ms).
2025-09-08T23:56:32.403+08:00  WARN 15235 --- [virtual-campus] [l-2 housekeeper] com.zaxxer.hikari.pool.HikariPool        : HikariPool-2 - Thread starvation or clock leap detected (housekeeper delta=15m53s148ms).
2025-09-09T00:16:40.796+08:00  WARN 15235 --- [virtual-campus] [l-2 housekeeper] com.zaxxer.hikari.pool.HikariPool        : HikariPool-2 - Thread starvation or clock leap detected (housekeeper delta=17m38s370ms).
2025-09-09T00:32:51.978+08:00  WARN 15235 --- [virtual-campus] [l-2 housekeeper] com.zaxxer.hikari.pool.HikariPool        : HikariPool-2 - Thread starvation or clock leap detected (housekeeper delta=16m11s182ms).
2025-09-09T00:50:14.402+08:00  WARN 15235 --- [virtual-campus] [l-2 housekeeper] com.zaxxer.hikari.pool.HikariPool        : HikariPool-2 - Thread starvation or clock leap detected (housekeeper delta=16m52s412ms).
2025-09-09T01:08:59.393+08:00  WARN 15235 --- [virtual-campus] [l-2 housekeeper] com.zaxxer.hikari.pool.HikariPool        : HikariPool-2 - Thread starvation or clock leap detected (housekeeper delta=16m43s812ms).
2025-09-09T01:24:10.550+08:00  WARN 15235 --- [virtual-campus] [l-2 housekeeper] com.zaxxer.hikari.pool.HikariPool        : HikariPool-2 - Thread starvation or clock leap detected (housekeeper delta=15m11s157ms).
2025-09-09T01:42:20.682+08:00  WARN 15235 --- [virtual-campus] [l-2 housekeeper] com.zaxxer.hikari.pool.HikariPool        : HikariPool-2 - Thread starvation or clock leap detected (housekeeper delta=17m40s127ms).
2025-09-09T01:57:57.823+08:00  WARN 15235 --- [virtual-campus] [l-2 housekeeper] com.zaxxer.hikari.pool.HikariPool        : HikariPool-2 - Thread starvation or clock leap detected (housekeeper delta=15m37s141ms).
2025-09-09T02:15:31.351+08:00  WARN 15235 --- [virtual-campus] [l-2 housekeeper] com.zaxxer.hikari.pool.HikariPool        : HikariPool-2 - Thread starvation or clock leap detected (housekeeper delta=16m33s524ms).
2025-09-09T02:33:44.144+08:00  WARN 15235 --- [virtual-campus] [l-2 housekeeper] com.zaxxer.hikari.pool.HikariPool        : HikariPool-2 - Thread starvation or clock leap detected (housekeeper delta=15m42s694ms).
2025-09-09T02:59:23.231+08:00  WARN 15235 --- [virtual-campus] [l-2 housekeeper] com.zaxxer.hikari.pool.HikariPool        : HikariPool-2 - Thread starvation or clock leap detected (housekeeper delta=17m38s992ms).
2025-09-09T03:17:06.388+08:00  WARN 15235 --- [virtual-campus] [l-2 housekeeper] com.zaxxer.hikari.pool.HikariPool        : HikariPool-2 - Thread starvation or clock leap detected (housekeeper delta=17m13s145ms).
2025-09-09T03:32:34.567+08:00  WARN 15235 --- [virtual-campus] [l-2 housekeeper] com.zaxxer.hikari.pool.HikariPool        : HikariPool-2 - Thread starvation or clock leap detected (housekeeper delta=15m28s179ms).
2025-09-09T03:48:32.704+08:00  WARN 15235 --- [virtual-campus] [l-2 housekeeper] com.zaxxer.hikari.pool.HikariPool        : HikariPool-2 - Thread starvation or clock leap detected (housekeeper delta=15m28s127ms).
2025-09-09T04:04:00.830+08:00  WARN 15235 --- [virtual-campus] [l-2 housekeeper] com.zaxxer.hikari.pool.HikariPool        : HikariPool-2 - Thread starvation or clock leap detected (housekeeper delta=15m28s126ms).
2025-09-09T04:20:29.539+08:00  WARN 15235 --- [virtual-campus] [l-2 housekeeper] com.zaxxer.hikari.pool.HikariPool        : HikariPool-2 - Thread starvation or clock leap detected (housekeeper delta=15m28s558ms).
2025-09-09T04:37:09.708+08:00  WARN 15235 --- [virtual-campus] [l-2 housekeeper] com.zaxxer.hikari.pool.HikariPool        : HikariPool-2 - Thread starvation or clock leap detected (housekeeper delta=16m40s168ms).
2025-09-09T04:53:18.619+08:00  WARN 15235 --- [virtual-campus] [l-2 housekeeper] com.zaxxer.hikari.pool.HikariPool        : HikariPool-2 - Thread starvation or clock leap detected (housekeeper delta=15m38s905ms).
2025-09-09T05:11:45.820+08:00  WARN 15235 --- [virtual-campus] [l-2 housekeeper] com.zaxxer.hikari.pool.HikariPool        : HikariPool-2 - Thread starvation or clock leap detected (housekeeper delta=15m57s155ms).
2025-09-09T05:21:49.971+08:00  WARN 15235 --- [virtual-campus] [l-2 housekeeper] com.zaxxer.hikari.pool.HikariPool        : HikariPool-2 - Thread starvation or clock leap detected (housekeeper delta=9m34s153ms).
2025-09-09T05:37:49.121+08:00  WARN 15235 --- [virtual-campus] [l-2 housekeeper] com.zaxxer.hikari.pool.HikariPool        : HikariPool-2 - Thread starvation or clock leap detected (housekeeper delta=15m59s150ms).
2025-09-09T05:55:05.267+08:00  WARN 15235 --- [virtual-campus] [l-2 housekeeper] com.zaxxer.hikari.pool.HikariPool        : HikariPool-2 - Thread starvation or clock leap detected (housekeeper delta=16m46s135ms).
2025-09-09T05:59:47.148+08:00  WARN 15235 --- [virtual-campus] [l-2 housekeeper] com.zaxxer.hikari.pool.HikariPool        : HikariPool-2 - Thread starvation or clock leap detected (housekeeper delta=4m11s877ms).
2025-09-09T06:16:33.670+08:00  WARN 15235 --- [virtual-campus] [l-2 housekeeper] com.zaxxer.hikari.pool.HikariPool        : HikariPool-2 - Thread starvation or clock leap detected (housekeeper delta=15m46s508ms).
2025-09-09T06:33:45.859+08:00  WARN 15235 --- [virtual-campus] [l-2 housekeeper] com.zaxxer.hikari.pool.HikariPool        : HikariPool-2 - Thread starvation or clock leap detected (housekeeper delta=16m42s181ms).
2025-09-09T06:51:03.040+08:00  WARN 15235 --- [virtual-campus] [l-2 housekeeper] com.zaxxer.hikari.pool.HikariPool        : HikariPool-2 - Thread starvation or clock leap detected (housekeeper delta=16m47s175ms).
2025-09-09T07:08:35.226+08:00  WARN 15235 --- [virtual-campus] [l-2 housekeeper] com.zaxxer.hikari.pool.HikariPool        : HikariPool-2 - Thread starvation or clock leap detected (housekeeper delta=17m32s186ms).
2025-09-09T07:22:43.158+08:00  WARN 15235 --- [virtual-campus] [l-2 housekeeper] com.zaxxer.hikari.pool.HikariPool        : HikariPool-2 - Thread starvation or clock leap detected (housekeeper delta=13m7s917ms).
2025-09-09T07:40:20.344+08:00  WARN 15235 --- [virtual-campus] [l-2 housekeeper] com.zaxxer.hikari.pool.HikariPool        : HikariPool-2 - Thread starvation or clock leap detected (housekeeper delta=17m37s186ms).
2025-09-09T07:53:23.522+08:00  WARN 15235 --- [virtual-campus] [l-2 housekeeper] com.zaxxer.hikari.pool.HikariPool        : HikariPool-2 - Thread starvation or clock leap detected (housekeeper delta=12m33s169ms).
2025-09-09T08:09:09.772+08:00  WARN 15235 --- [virtual-campus] [l-2 housekeeper] com.zaxxer.hikari.pool.HikariPool        : HikariPool-2 - Thread starvation or clock leap detected (housekeeper delta=15m46s250ms).
2025-09-09T08:09:39.377+08:00  WARN 15235 --- [virtual-campus] [l-2 housekeeper] com.zaxxer.hikari.pool.HikariPool        : HikariPool-2 - Retrograde clock change detected (housekeeper delta=29s605ms), soft-evicting connections from pool.
2025-09-09T08:23:45.982+08:00  WARN 15235 --- [virtual-campus] [l-2 housekeeper] com.zaxxer.hikari.pool.HikariPool        : HikariPool-2 - Thread starvation or clock leap detected (housekeeper delta=13m6s594ms).
2025-09-09T08:30:37.876+08:00  WARN 15235 --- [virtual-campus] [l-2 housekeeper] com.zaxxer.hikari.pool.HikariPool        : HikariPool-2 - Thread starvation or clock leap detected (housekeeper delta=6m51s894ms).
2025-09-09T08:48:04.488+08:00  WARN 15235 --- [virtual-campus] [l-2 housekeeper] com.zaxxer.hikari.pool.HikariPool        : HikariPool-2 - Thread starvation or clock leap detected (housekeeper delta=16m56s572ms).
2025-09-09T08:52:11.548+08:00  WARN 15235 --- [virtual-campus] [l-2 housekeeper] com.zaxxer.hikari.pool.HikariPool        : HikariPool-2 - Thread starvation or clock leap detected (housekeeper delta=4m7s59ms).
2025-09-09T09:39:45.219+08:00  WARN 15235 --- [virtual-campus] [l-2 housekeeper] com.zaxxer.hikari.pool.HikariPool        : HikariPool-2 - Thread starvation or clock leap detected (housekeeper delta=3m3s269ms).
2025-09-09T09:59:09.504+08:00  WARN 15235 --- [virtual-campus] [l-2 housekeeper] com.zaxxer.hikari.pool.HikariPool        : HikariPool-2 - Thread starvation or clock leap detected (housekeeper delta=1m54s235ms).
2025-09-09T10:17:15.288+08:00  WARN 15235 --- [virtual-campus] [l-2 housekeeper] com.zaxxer.hikari.pool.HikariPool        : HikariPool-2 - Thread starvation or clock leap detected (housekeeper delta=8m35s734ms).
2025-09-09T10:20:53.953+08:00  WARN 15235 --- [virtual-campus] [l-2 housekeeper] com.zaxxer.hikari.pool.HikariPool        : HikariPool-2 - Thread starvation or clock leap detected (housekeeper delta=1m8s638ms).
2025-09-09T10:54:18.586+08:00  WARN 15235 --- [virtual-campus] [l-2 housekeeper] com.zaxxer.hikari.pool.HikariPool        : HikariPool-2 - Thread starvation or clock leap detected (housekeeper delta=13m24s499ms).
2025-09-09T11:07:19.477+08:00  WARN 15235 --- [virtual-campus] [l-2 housekeeper] com.zaxxer.hikari.pool.HikariPool        : HikariPool-2 - Thread starvation or clock leap detected (housekeeper delta=3m836ms).
2025-09-09T11:17:44.648+08:00  INFO 15235 --- [virtual-campus] [ionShutdownHook] com.zaxxer.hikari.HikariDataSource       : HikariPool-2 - Shutdown initiated...
2025-09-09T11:17:44.650+08:00  INFO 15235 --- [virtual-campus] [ionShutdownHook] com.zaxxer.hikari.HikariDataSource       : HikariPool-2 - Shutdown completed.
